Traceback (most recent call last):
  File "/home/runner/.local/lib/python3.12/site-packages/jupyter_cache/executors/utils.py", line 58, in single_nb_execution
    executenb(
  File "/home/runner/.local/lib/python3.12/site-packages/nbclient/client.py", line 1319, in execute
    return NotebookClient(nb=nb, resources=resources, km=km, **kwargs).execute()
           ^^^^^^^^^^^^^^^^^^^^^^^^^^^^^^^^^^^^^^^^^^^^^^^^^^^^^^^^^^^^^^^^^^^^^
  File "/home/runner/.local/lib/python3.12/site-packages/jupyter_core/utils/__init__.py", line 165, in wrapped
    return loop.run_until_complete(inner)
           ^^^^^^^^^^^^^^^^^^^^^^^^^^^^^^
  File "/usr/lib/python3.12/asyncio/base_events.py", line 687, in run_until_complete
    return future.result()
           ^^^^^^^^^^^^^^^
  File "/home/runner/.local/lib/python3.12/site-packages/nbclient/client.py", line 709, in async_execute
    await self.async_execute_cell(
  File "/home/runner/.local/lib/python3.12/site-packages/nbclient/client.py", line 1062, in async_execute_cell
    await self._check_raise_for_error(cell, cell_index, exec_reply)
  File "/home/runner/.local/lib/python3.12/site-packages/nbclient/client.py", line 918, in _check_raise_for_error
    raise CellExecutionError.from_cell_and_msg(cell, exec_reply_content)
nbclient.exceptions.CellExecutionError: An error occurred while executing the following cell:
------------------
import zarr
zarr_array = zarr.zeros((10000, 5), chunks=(1000, 5), dtype='i4')
timestep = np.arange(len(zarr_array))

tsdframe = nap.TsdFrame(t=timestep, d=zarr_array)
------------------


[31m---------------------------------------------------------------------------[39m
[31mImportError[39m                               Traceback (most recent call last)
[36mCell[39m[36m [39m[32mIn[19][39m[32m, line 1[39m
[32m----> [39m[32m1[39m [38;5;28;01mimport[39;00m [34;01mzarr[39;00m
[32m      2[39m zarr_array = zarr.zeros(([32m10000[39m, [32m5[39m), chunks=([32m1000[39m, [32m5[39m), dtype=[33m'[39m[33mi4[39m[33m'[39m)
[32m      3[39m timestep = np.arange([38;5;28mlen[39m(zarr_array))

[36mFile [39m[32m~/.local/lib/python3.12/site-packages/zarr/__init__.py:3[39m
[32m      1[39m [38;5;66;03m# flake8: noqa[39;00m
[32m      2[39m [38;5;28;01mfrom[39;00m [34;01mzarr[39;00m[34;01m.[39;00m[34;01mcodecs[39;00m [38;5;28;01mimport[39;00m *
[32m----> [39m[32m3[39m [38;5;28;01mfrom[39;00m [34;01mzarr[39;00m[34;01m.[39;00m[34;01mconvenience[39;00m [38;5;28;01mimport[39;00m (
[32m      4[39m     consolidate_metadata,
[32m      5[39m     copy,
[32m      6[39m     copy_all,
[32m      7[39m     copy_store,
[32m      8[39m     load,
[32m      9[39m     [38;5;28mopen[39m,
[32m     10[39m     open_consolidated,
[32m     11[39m     save,
[32m     12[39m     save_array,
[32m     13[39m     save_group,
[32m     14[39m     tree,
[32m     15[39m )
[32m     16[39m [38;5;28;01mfrom[39;00m [34;01mzarr[39;00m[34;01m.[39;00m[34;01mcore[39;00m [38;5;28;01mimport[39;00m Array
[32m     17[39m [38;5;28;01mfrom[39;00m [34;01mzarr[39;00m[34;01m.[39;00m[34;01mcreation[39;00m [38;5;28;01mimport[39;00m (
[32m     18[39m     array,
[32m     19[39m     create,
[32m   (...)[39m[32m     29[39m     zeros_like,
[32m     30[39m )

[36mFile [39m[32m~/.local/lib/python3.12/site-packages/zarr/convenience.py:8[39m
[32m      5[39m [38;5;28;01mimport[39;00m [34;01mre[39;00m
[32m      6[39m [38;5;28;01mfrom[39;00m [34;01mcollections[39;00m[34;01m.[39;00m[34;01mabc[39;00m [38;5;28;01mimport[39;00m Mapping, MutableMapping
[32m----> [39m[32m8[39m [38;5;28;01mfrom[39;00m [34;01mzarr[39;00m[34;01m.[39;00m[34;01m_storage[39;00m[34;01m.[39;00m[34;01mstore[39;00m [38;5;28;01mimport[39;00m data_root, meta_root, assert_zarr_v3_api_available
[32m      9[39m [38;5;28;01mfrom[39;00m [34;01mzarr[39;00m[34;01m.[39;00m[34;01mcore[39;00m [38;5;28;01mimport[39;00m Array
[32m     10[39m [38;5;28;01mfrom[39;00m [34;01mzarr[39;00m[34;01m.[39;00m[34;01mcreation[39;00m [38;5;28;01mimport[39;00m array [38;5;28;01mas[39;00m _create_array

[36mFile [39m[32m~/.local/lib/python3.12/site-packages/zarr/_storage/store.py:10[39m
[32m      7[39m [38;5;28;01mfrom[39;00m [34;01mstring[39;00m [38;5;28;01mimport[39;00m ascii_letters, digits
[32m      8[39m [38;5;28;01mfrom[39;00m [34;01mtyping[39;00m [38;5;28;01mimport[39;00m Any, Dict, List, Mapping, Optional, Sequence, Tuple, Union
[32m---> [39m[32m10[39m [38;5;28;01mfrom[39;00m [34;01mzarr[39;00m[34;01m.[39;00m[34;01mmeta[39;00m [38;5;28;01mimport[39;00m Metadata2, Metadata3
[32m     11[39m [38;5;28;01mfrom[39;00m [34;01mzarr[39;00m[34;01m.[39;00m[34;01mutil[39;00m [38;5;28;01mimport[39;00m normalize_storage_path
[32m     12[39m [38;5;28;01mfrom[39;00m [34;01mzarr[39;00m[34;01m.[39;00m[34;01mcontext[39;00m [38;5;28;01mimport[39;00m Context

[36mFile [39m[32m~/.local/lib/python3.12/site-packages/zarr/meta.py:10[39m
[32m      7[39m [38;5;28;01mfrom[39;00m [34;01mnumcodecs[39;00m[34;01m.[39;00m[34;01mabc[39;00m [38;5;28;01mimport[39;00m Codec
[32m      9[39m [38;5;28;01mfrom[39;00m [34;01mzarr[39;00m[34;01m.[39;00m[34;01merrors[39;00m [38;5;28;01mimport[39;00m MetadataError
[32m---> [39m[32m10[39m [38;5;28;01mfrom[39;00m [34;01mzarr[39;00m[34;01m.[39;00m[34;01mutil[39;00m [38;5;28;01mimport[39;00m json_dumps, json_loads
[32m     12[39m [38;5;28;01mfrom[39;00m [34;01mtyping[39;00m [38;5;28;01mimport[39;00m cast, Union, Any, List, Mapping [38;5;28;01mas[39;00m MappingType, Optional, TYPE_CHECKING
[32m     14[39m [38;5;28;01mif[39;00m TYPE_CHECKING:  [38;5;66;03m# pragma: no cover[39;00m

[36mFile [39m[32m~/.local/lib/python3.12/site-packages/zarr/util.py:34[39m
[32m     32[39m [38;5;28;01mfrom[39;00m [34;01mnumcodecs[39;00m[34;01m.[39;00m[34;01mndarray_like[39;00m [38;5;28;01mimport[39;00m NDArrayLike
[32m     33[39m [38;5;28;01mfrom[39;00m [34;01mnumcodecs[39;00m[34;01m.[39;00m[34;01mregistry[39;00m [38;5;28;01mimport[39;00m codec_registry
[32m---> [39m[32m34[39m [38;5;28;01mfrom[39;00m [34;01mnumcodecs[39;00m[34;01m.[39;00m[34;01mblosc[39;00m [38;5;28;01mimport[39;00m cbuffer_sizes, cbuffer_metainfo
[32m     35[39m [38;5;28;01mfrom[39;00m [34;01mzarr[39;00m[34;01m.[39;00m[34;01mtypes[39;00m [38;5;28;01mimport[39;00m DIMENSION_SEPARATOR
[32m     37[39m KeyType = TypeVar([33m"[39m[33mKeyType[39m[33m"[39m)

[31mImportError[39m: cannot import name 'cbuffer_sizes' from 'numcodecs.blosc' (/home/runner/.local/lib/python3.12/site-packages/numcodecs/blosc.cpython-312-x86_64-linux-gnu.so)

